[debug] [2021-10-15T18:24:22.431Z] ----------------------------------------------------------------------
[debug] [2021-10-15T18:24:22.433Z] Command:       /home/moshchovskyi/.nvm/versions/node/v14.15.0/bin/node /home/moshchovskyi/.nvm/versions/node/v14.15.0/bin/firebase init
[debug] [2021-10-15T18:24:22.434Z] CLI Version:   9.20.0
[debug] [2021-10-15T18:24:22.434Z] Platform:      linux
[debug] [2021-10-15T18:24:22.434Z] Node Version:  v14.15.0
[debug] [2021-10-15T18:24:22.434Z] Time:          Fri Oct 15 2021 21:24:22 GMT+0300 (Eastern European Summer Time)
[debug] [2021-10-15T18:24:22.434Z] ----------------------------------------------------------------------
[debug] 
[debug] [2021-10-15T18:24:22.439Z] > command requires scopes: ["email","openid","https://www.googleapis.com/auth/cloudplatformprojects.readonly","https://www.googleapis.com/auth/firebase","https://www.googleapis.com/auth/cloud-platform"]
[debug] [2021-10-15T18:24:22.439Z] > authorizing via signed-in user (mvmoshchovskyi@gmail.com)
[info] 
     ######## #### ########  ######## ########     ###     ######  ########
     ##        ##  ##     ## ##       ##     ##  ##   ##  ##       ##
     ######    ##  ########  ######   ########  #########  ######  ######
     ##        ##  ##    ##  ##       ##     ## ##     ##       ## ##
     ##       #### ##     ## ######## ########  ##     ##  ######  ########

You're about to initialize a Firebase project in this directory:

  /home/moshchovskyi/VisualStudioCodeProjects/VUE/vue_crm/vue_crm_practic

[info] 
=== Project Setup
[info] 
[info] First, let's associate this project directory with a Firebase project.
[info] You can create multiple project aliases by running firebase use --add, 
[info] but for now we'll just set up a default project.
[info] 
[debug] [2021-10-15T18:24:27.656Z] >>> [apiv2][query] GET https://firebase.googleapis.com/v1beta1/projects pageSize=100
[debug] [2021-10-15T18:24:28.232Z] <<< [apiv2][status] GET https://firebase.googleapis.com/v1beta1/projects 200
[debug] [2021-10-15T18:24:28.233Z] <<< [apiv2][body] GET https://firebase.googleapis.com/v1beta1/projects [omitted]
[info] i  Using project vue-crm-87fcd (vue-crm) 
[info] 
=== Hosting Setup
[info] 
[info] Your public directory is the folder (relative to your project directory) that
[info] will contain Hosting assets to be uploaded with firebase deploy. If you
[info] have a build process for your assets, use your build's output directory.
[info] 
[debug] [2021-10-15T18:24:47.929Z] >>> [apiv2][query] GET https://www.gstatic.com/firebasejs/releases.json [none]
[debug] [2021-10-15T18:24:48.117Z] <<< [apiv2][status] GET https://www.gstatic.com/firebasejs/releases.json 200
[debug] [2021-10-15T18:24:48.118Z] <<< [apiv2][body] GET https://www.gstatic.com/firebasejs/releases.json {"current":{"version":"9.1.3","browserURL":"https://www.gstatic.com/firebasejs/9.1.3/firebase.js","packageURL":"https://www.gstatic.com/firebasejs/9.1.3/firebase.tgz"},"live":{"version":"9.1","browserURL":"https://www.gstatic.com/firebasejs/live/9.1/firebase.js","packageURL":"https://www.gstatic.com/firebasejs/live/9.1/firebase.tgz"},"components":{"analytics":"https://www.gstatic.com/firebasejs/9.1.3/firebase-analytics.js","app":"https://www.gstatic.com/firebasejs/9.1.3/firebase-app.js","app-check":"https://www.gstatic.com/firebasejs/9.1.3/firebase-app-check.js","auth":"https://www.gstatic.com/firebasejs/9.1.3/firebase-auth.js","auth/cordova":"https://www.gstatic.com/firebasejs/9.1.3/firebase-auth/cordova.js","auth/react-native":"https://www.gstatic.com/firebasejs/9.1.3/firebase-auth/react-native.js","functions":"https://www.gstatic.com/firebasejs/9.1.3/firebase-functions.js","firestore":"https://www.gstatic.com/firebasejs/9.1.3/firebase-firestore.js","firestore/lite":"https://www.gstatic.com/firebasejs/9.1.3/firebase-firestore/lite.js","storage":"https://www.gstatic.com/firebasejs/9.1.3/firebase-storage.js","performance":"https://www.gstatic.com/firebasejs/9.1.3/firebase-performance.js","remote-config":"https://www.gstatic.com/firebasejs/9.1.3/firebase-remote-config.js","messaging":"https://www.gstatic.com/firebasejs/9.1.3/firebase-messaging.js","messaging/sw":"https://www.gstatic.com/firebasejs/9.1.3/firebase-messaging/sw.js","database":"https://www.gstatic.com/firebasejs/9.1.3/firebase-database.js","firestore.memory":"https://www.gstatic.com/firebasejs/9.1.3/firebase-firestore.memory.js"}}
[info] i  Skipping write of public/index.html 
[info] 
[info] i  Detected a .git folder at /home/moshchovskyi/VisualStudioCodeProjects/VUE/vue_crm/vue_crm_practic 
[info] i  Authorizing with GitHub to upload your service account to a GitHub repository's secrets store. 
[info] 
[info] Visit this URL on this device to log in:
[info] https://github.com/login/oauth/authorize?client_id=89cf50f02ac6aaed3484&state=276223911&redirect_uri=http%3A%2F%2Flocalhost%3A9005&scope=read%3Auser%20repo%20public_repo
[info] 
[info] Waiting for authentication...
[debug] [2021-10-15T18:24:52.964Z] >>> HTTP REQUEST POST https://github.com/login/oauth/access_token  
 {"client_id":"89cf50f02ac6aaed3484","client_secret":"3330d14abc895d9a74d5f17cd7a00711fa2c5bf0","code":"3144d669cca30398705a","redirect_uri":"http://localhost:9005","state":"276223911"}
[debug] [2021-10-15T18:24:53.304Z] <<< HTTP RESPONSE 200 {"server":"GitHub.com","date":"Fri, 15 Oct 2021 18:24:53 GMT","content-type":"application/json; charset=utf-8","transfer-encoding":"chunked","vary":"X-PJAX, X-PJAX-Container, Accept-Encoding, Accept, X-Requested-With","permissions-policy":"interest-cohort=()","etag":"W/\"9f4d6d4f2d18476cc9b1a9b843217b67\"","cache-control":"max-age=0, private, must-revalidate","strict-transport-security":"max-age=31536000; includeSubdomains; preload","x-frame-options":"deny","x-content-type-options":"nosniff","x-xss-protection":"0","referrer-policy":"origin-when-cross-origin, strict-origin-when-cross-origin","expect-ct":"max-age=2592000, report-uri=\"https://api.github.com/_private/browser/errors\"","content-security-policy":"default-src 'none'; base-uri 'self'; block-all-mixed-content; child-src github.com/assets-cdn/worker/ gist.github.com/assets-cdn/worker/; connect-src 'self' uploads.github.com objects-origin.githubusercontent.com www.githubstatus.com collector.githubapp.com api.github.com github-cloud.s3.amazonaws.com github-production-repository-file-5c1aeb.s3.amazonaws.com github-production-upload-manifest-file-7fdce7.s3.amazonaws.com github-production-user-asset-6210df.s3.amazonaws.com cdn.optimizely.com logx.optimizely.com/v1/events translator.github.com wss://alive.github.com; font-src github.githubassets.com; form-action 'self' github.com gist.github.com objects-origin.githubusercontent.com; frame-ancestors 'none'; frame-src render.githubusercontent.com viewscreen.githubusercontent.com; img-src 'self' data: github.githubassets.com identicons.github.com collector.githubapp.com github-cloud.s3.amazonaws.com secured-user-images.githubusercontent.com/ *.githubusercontent.com; manifest-src 'self'; media-src github.com user-images.githubusercontent.com/; script-src github.githubassets.com; style-src 'unsafe-inline' github.githubassets.com; worker-src github.com/assets-cdn/worker/ gist.github.com/assets-cdn/worker/","x-github-request-id":"AC3E:11E05:93311:B88A0:6169C775"}
[debug] [2021-10-15T18:24:53.307Z] >>> [apiv2][query] GET https://api.github.com/user [none]
[debug] [2021-10-15T18:24:53.696Z] <<< [apiv2][status] GET https://api.github.com/user 200
[debug] [2021-10-15T18:24:53.697Z] <<< [apiv2][body] GET https://api.github.com/user {"login":"mvmoshchovskyi","id":48692693,"node_id":"MDQ6VXNlcjQ4NjkyNjkz","avatar_url":"https://avatars.githubusercontent.com/u/48692693?v=4","gravatar_id":"","url":"https://api.github.com/users/mvmoshchovskyi","html_url":"https://github.com/mvmoshchovskyi","followers_url":"https://api.github.com/users/mvmoshchovskyi/followers","following_url":"https://api.github.com/users/mvmoshchovskyi/following{/other_user}","gists_url":"https://api.github.com/users/mvmoshchovskyi/gists{/gist_id}","starred_url":"https://api.github.com/users/mvmoshchovskyi/starred{/owner}{/repo}","subscriptions_url":"https://api.github.com/users/mvmoshchovskyi/subscriptions","organizations_url":"https://api.github.com/users/mvmoshchovskyi/orgs","repos_url":"https://api.github.com/users/mvmoshchovskyi/repos","events_url":"https://api.github.com/users/mvmoshchovskyi/events{/privacy}","received_events_url":"https://api.github.com/users/mvmoshchovskyi/received_events","type":"User","site_admin":false,"name":null,"company":null,"blog":"","location":null,"email":null,"hireable":null,"bio":null,"twitter_username":null,"public_repos":68,"public_gists":0,"followers":0,"following":0,"created_at":"2019-03-18T18:31:19Z","updated_at":"2021-09-11T16:00:43Z","private_gists":0,"total_private_repos":1,"owned_private_repos":1,"disk_usage":21790,"collaborators":0,"two_factor_authentication":false,"plan":{"name":"free","space":976562499,"collaborators":0,"private_repos":10000}}
[info] 
[info] ✔  Success! Logged into GitHub as mvmoshchovskyi 
[info] 
[debug] [2021-10-15T18:25:16.548Z] >>> [apiv2][query] GET https://api.github.com/repos/mvmoshovskyi/vue_crm/actions/secrets/public-key type=owner
[debug] [2021-10-15T18:25:17.285Z] <<< [apiv2][status] GET https://api.github.com/repos/mvmoshovskyi/vue_crm/actions/secrets/public-key 404
[debug] [2021-10-15T18:25:17.286Z] <<< [apiv2][body] GET https://api.github.com/repos/mvmoshovskyi/vue_crm/actions/secrets/public-key {"message":"Not Found","documentation_url":"https://docs.github.com/rest/reference/actions#get-a-repository-public-key"}
[debug] [2021-10-15T18:26:25.986Z] >>> [apiv2][query] GET https://api.github.com/repos/mvmoshovskyi/vue_crm/actions/secrets/public-key type=owner
[debug] [2021-10-15T18:26:26.380Z] <<< [apiv2][status] GET https://api.github.com/repos/mvmoshovskyi/vue_crm/actions/secrets/public-key 404
[debug] [2021-10-15T18:26:26.381Z] <<< [apiv2][body] GET https://api.github.com/repos/mvmoshovskyi/vue_crm/actions/secrets/public-key {"message":"Not Found","documentation_url":"https://docs.github.com/rest/reference/actions#get-a-repository-public-key"}
